<?xml version="1.0" encoding="UTF-8"?>
<testng-results skipped="0" failed="0" ignored="0" total="1" passed="1">
  <reporter-output>
  </reporter-output>
  <suite name="Default suite" duration-ms="50660" started-at="2018-03-12T06:16:25Z" finished-at="2018-03-12T06:17:16Z">
    <groups>
      <group name="cucumber">
        <method signature="AbstractTestNGCucumberTests.feature(cucumber.api.testng.CucumberFeatureWrapper)[pri:0, instance:runcukes.Naukrilogin@343f4d3d]" name="feature" class="cucumber.api.testng.AbstractTestNGCucumberTests"/>
      </group> <!-- cucumber -->
    </groups>
    <test name="Default test" duration-ms="50660" started-at="2018-03-12T06:16:25Z" finished-at="2018-03-12T06:17:16Z">
      <class name="runcukes.Naukrilogin">
        <test-method status="PASS" signature="setUpClass()[pri:0, instance:runcukes.Naukrilogin@343f4d3d]" name="setUpClass" is-config="true" duration-ms="773" started-at="2018-03-12T06:16:25Z" finished-at="2018-03-12T06:16:26Z">
          <reporter-output>
          </reporter-output>
        </test-method> <!-- setUpClass -->
        <test-method status="PASS" signature="feature(cucumber.api.testng.CucumberFeatureWrapper)[pri:0, instance:runcukes.Naukrilogin@343f4d3d]" name="feature" duration-ms="49545" started-at="2018-03-12T06:16:26Z" description="Runs Cucumber Feature" data-provider="features" finished-at="2018-03-12T06:17:16Z">
          <params>
            <param index="0">
              <value>
                <![CDATA[Login in naukri]]>
              </value>
            </param>
          </params>
          <reporter-output>
          </reporter-output>
        </test-method> <!-- feature -->
        <test-method status="PASS" signature="tearDownClass()[pri:0, instance:runcukes.Naukrilogin@343f4d3d]" name="tearDownClass" is-config="true" duration-ms="25" started-at="2018-03-12T06:17:16Z" finished-at="2018-03-12T06:17:16Z">
          <reporter-output>
          </reporter-output>
        </test-method> <!-- tearDownClass -->
      </class> <!-- runcukes.Naukrilogin -->
    </test> <!-- Default test -->
  </suite> <!-- Default suite -->
</testng-results>
